<?xml version="1.0" encoding="UTF-8"?>
<robot generator="Robot 6.0.2 (Python 3.10.6 on linux)" generated="20230207 23:28:43.623" rpa="false" schemaversion="3">
<suite id="s1" name="Servers" source="/root/project/acb_2023/robot/servers">
<suite id="s1-s1" name="test srv APP1" source="/root/project/acb_2023/robot/servers/test_srv_APP1.robot">
<kw name="Open Connection And Log In" type="SETUP">
<kw name="Open Connection">
<arg>${HOST}</arg>
<msg timestamp="20230207 23:28:43.747" level="FAIL">No keyword with name 'Open Connection' found.</msg>
<status status="FAIL" starttime="20230207 23:28:43.747" endtime="20230207 23:28:43.748"/>
</kw>
<kw name="Login">
<arg>${USERNAME}</arg>
<arg>${PASSWORD}</arg>
<status status="NOT RUN" starttime="20230207 23:28:43.753" endtime="20230207 23:28:43.753"/>
</kw>
<status status="FAIL" starttime="20230207 23:28:43.738" endtime="20230207 23:28:43.754"/>
</kw>
<test id="s1-s1-t1" name="Ping Test 1 - Gateway" line="17">
<doc>Test ping - Default Gateway</doc>
<status status="FAIL" starttime="20230207 23:28:43.755" endtime="20230207 23:28:43.757">Parent suite setup failed:
No keyword with name 'Open Connection' found.</status>
</test>
<test id="s1-s1-t2" name="Ping Test 2 - Server WEB1" line="22">
<doc>Test ping - Server WEB1</doc>
<status status="FAIL" starttime="20230207 23:28:43.759" endtime="20230207 23:28:43.760">Parent suite setup failed:
No keyword with name 'Open Connection' found.</status>
</test>
<test id="s1-s1-t3" name="Ping Test 3 - Server WEB2" line="27">
<doc>Test ping - Server WEB2</doc>
<status status="FAIL" starttime="20230207 23:28:43.762" endtime="20230207 23:28:43.764">Parent suite setup failed:
No keyword with name 'Open Connection' found.</status>
</test>
<test id="s1-s1-t4" name="Ping Test 4 - Server DB1" line="32">
<doc>Test ping - Server DB1</doc>
<status status="FAIL" starttime="20230207 23:28:43.766" endtime="20230207 23:28:43.768">Parent suite setup failed:
No keyword with name 'Open Connection' found.</status>
</test>
<kw name="Close All Connections" type="TEARDOWN">
<msg timestamp="20230207 23:28:43.778" level="FAIL">No keyword with name 'Close All Connections' found.</msg>
<status status="FAIL" starttime="20230207 23:28:43.778" endtime="20230207 23:28:43.778">No keyword with name 'Close All Connections' found.</status>
</kw>
<status status="FAIL" starttime="20230207 23:28:43.725" endtime="20230207 23:28:43.778">Suite setup failed:
No keyword with name 'Open Connection' found.

Also suite teardown failed:
No keyword with name 'Close All Connections' found.</status>
</suite>
<suite id="s1-s2" name="test srv DB1" source="/root/project/acb_2023/robot/servers/test_srv_DB1.robot">
<kw name="Open Connection And Log In" type="SETUP">
<kw name="Open Connection">
<arg>${HOST}</arg>
<msg timestamp="20230207 23:28:43.801" level="FAIL">No keyword with name 'Open Connection' found.</msg>
<status status="FAIL" starttime="20230207 23:28:43.801" endtime="20230207 23:28:43.802"/>
</kw>
<kw name="Login">
<arg>${USERNAME}</arg>
<arg>${PASSWORD}</arg>
<status status="NOT RUN" starttime="20230207 23:28:43.807" endtime="20230207 23:28:43.807"/>
</kw>
<status status="FAIL" starttime="20230207 23:28:43.794" endtime="20230207 23:28:43.808"/>
</kw>
<test id="s1-s2-t1" name="Ping Test 1 - Gateway" line="17">
<doc>Test ping - Default Gateway</doc>
<status status="FAIL" starttime="20230207 23:28:43.808" endtime="20230207 23:28:43.810">Parent suite setup failed:
No keyword with name 'Open Connection' found.</status>
</test>
<test id="s1-s2-t2" name="Ping Test 2 - Server APP1" line="22">
<doc>Test ping - Server APP1</doc>
<status status="FAIL" starttime="20230207 23:28:43.812" endtime="20230207 23:28:43.813">Parent suite setup failed:
No keyword with name 'Open Connection' found.</status>
</test>
<kw name="Close All Connections" type="TEARDOWN">
<msg timestamp="20230207 23:28:43.823" level="FAIL">No keyword with name 'Close All Connections' found.</msg>
<status status="FAIL" starttime="20230207 23:28:43.822" endtime="20230207 23:28:43.823">No keyword with name 'Close All Connections' found.</status>
</kw>
<status status="FAIL" starttime="20230207 23:28:43.782" endtime="20230207 23:28:43.823">Suite setup failed:
No keyword with name 'Open Connection' found.

Also suite teardown failed:
No keyword with name 'Close All Connections' found.</status>
</suite>
<suite id="s1-s3" name="test srv WEB1" source="/root/project/acb_2023/robot/servers/test_srv_WEB1.robot">
<kw name="Open Connection And Log In" type="SETUP">
<kw name="Open Connection">
<arg>${HOST}</arg>
<msg timestamp="20230207 23:28:43.846" level="FAIL">No keyword with name 'Open Connection' found.</msg>
<status status="FAIL" starttime="20230207 23:28:43.846" endtime="20230207 23:28:43.846"/>
</kw>
<kw name="Login">
<arg>${USERNAME}</arg>
<arg>${PASSWORD}</arg>
<status status="NOT RUN" starttime="20230207 23:28:43.851" endtime="20230207 23:28:43.851"/>
</kw>
<status status="FAIL" starttime="20230207 23:28:43.838" endtime="20230207 23:28:43.852"/>
</kw>
<test id="s1-s3-t1" name="Ping Test 1 - Gateway" line="17">
<doc>Test ping - Default Gateway</doc>
<status status="FAIL" starttime="20230207 23:28:43.852" endtime="20230207 23:28:43.854">Parent suite setup failed:
No keyword with name 'Open Connection' found.</status>
</test>
<test id="s1-s3-t2" name="Ping Test 2 - Server WEB2" line="22">
<doc>Test ping - Server WEB2</doc>
<status status="FAIL" starttime="20230207 23:28:43.856" endtime="20230207 23:28:43.858">Parent suite setup failed:
No keyword with name 'Open Connection' found.</status>
</test>
<test id="s1-s3-t3" name="Ping Test 3 - Server APP1" line="27">
<doc>Test ping - Server APP1</doc>
<status status="FAIL" starttime="20230207 23:28:43.859" endtime="20230207 23:28:43.861">Parent suite setup failed:
No keyword with name 'Open Connection' found.</status>
</test>
<test id="s1-s3-t4" name="Ping Test 4 - Server DB1" line="32">
<doc>Test ping - Server DB1</doc>
<status status="FAIL" starttime="20230207 23:28:43.862" endtime="20230207 23:28:43.864">Parent suite setup failed:
No keyword with name 'Open Connection' found.</status>
</test>
<kw name="Close All Connections" type="TEARDOWN">
<msg timestamp="20230207 23:28:43.873" level="FAIL">No keyword with name 'Close All Connections' found.</msg>
<status status="FAIL" starttime="20230207 23:28:43.873" endtime="20230207 23:28:43.873">No keyword with name 'Close All Connections' found.</status>
</kw>
<status status="FAIL" starttime="20230207 23:28:43.826" endtime="20230207 23:28:43.874">Suite setup failed:
No keyword with name 'Open Connection' found.

Also suite teardown failed:
No keyword with name 'Close All Connections' found.</status>
</suite>
<suite id="s1-s4" name="test srv WEB2" source="/root/project/acb_2023/robot/servers/test_srv_WEB2.robot">
<kw name="Open Connection And Log In" type="SETUP">
<kw name="Open Connection">
<arg>${HOST}</arg>
<msg timestamp="20230207 23:28:43.895" level="FAIL">No keyword with name 'Open Connection' found.</msg>
<status status="FAIL" starttime="20230207 23:28:43.895" endtime="20230207 23:28:43.895"/>
</kw>
<kw name="Login">
<arg>${USERNAME}</arg>
<arg>${PASSWORD}</arg>
<status status="NOT RUN" starttime="20230207 23:28:43.900" endtime="20230207 23:28:43.900"/>
</kw>
<status status="FAIL" starttime="20230207 23:28:43.888" endtime="20230207 23:28:43.901"/>
</kw>
<test id="s1-s4-t1" name="Ping Test 1 - Gateway" line="17">
<doc>Test ping - Default Gateway</doc>
<status status="FAIL" starttime="20230207 23:28:43.902" endtime="20230207 23:28:43.903">Parent suite setup failed:
No keyword with name 'Open Connection' found.</status>
</test>
<test id="s1-s4-t2" name="Ping Test 2 - Server WEB1" line="22">
<doc>Test ping - Server WEB1</doc>
<status status="FAIL" starttime="20230207 23:28:43.905" endtime="20230207 23:28:43.907">Parent suite setup failed:
No keyword with name 'Open Connection' found.</status>
</test>
<test id="s1-s4-t3" name="Ping Test 3 - Server APP1" line="27">
<doc>Test ping - Server APP1</doc>
<status status="FAIL" starttime="20230207 23:28:43.908" endtime="20230207 23:28:43.911">Parent suite setup failed:
No keyword with name 'Open Connection' found.</status>
</test>
<test id="s1-s4-t4" name="Ping Test 4 - Server DB1" line="32">
<doc>Test ping - Server DB1</doc>
<status status="FAIL" starttime="20230207 23:28:43.913" endtime="20230207 23:28:43.914">Parent suite setup failed:
No keyword with name 'Open Connection' found.</status>
</test>
<kw name="Close All Connections" type="TEARDOWN">
<msg timestamp="20230207 23:28:43.923" level="FAIL">No keyword with name 'Close All Connections' found.</msg>
<status status="FAIL" starttime="20230207 23:28:43.923" endtime="20230207 23:28:43.923">No keyword with name 'Close All Connections' found.</status>
</kw>
<status status="FAIL" starttime="20230207 23:28:43.877" endtime="20230207 23:28:43.924">Suite setup failed:
No keyword with name 'Open Connection' found.

Also suite teardown failed:
No keyword with name 'Close All Connections' found.</status>
</suite>
<status status="FAIL" starttime="20230207 23:28:43.627" endtime="20230207 23:28:43.927"/>
</suite>
<statistics>
<total>
<stat pass="0" fail="14" skip="0">All Tests</stat>
</total>
<tag>
</tag>
<suite>
<stat pass="0" fail="14" skip="0" id="s1" name="Servers">Servers</stat>
<stat pass="0" fail="4" skip="0" id="s1-s1" name="test srv APP1">Servers.test srv APP1</stat>
<stat pass="0" fail="2" skip="0" id="s1-s2" name="test srv DB1">Servers.test srv DB1</stat>
<stat pass="0" fail="4" skip="0" id="s1-s3" name="test srv WEB1">Servers.test srv WEB1</stat>
<stat pass="0" fail="4" skip="0" id="s1-s4" name="test srv WEB2">Servers.test srv WEB2</stat>
</suite>
</statistics>
<errors>
<msg timestamp="20230207 23:28:43.735" level="ERROR">Error in file '/root/project/acb_2023/robot/servers/test_srv_APP1.robot' on line 2: Importing library 'SSHLibrary' failed: ModuleNotFoundError: No module named 'SSHLibrary'
Traceback (most recent call last):
  None
PYTHONPATH:
  /root/miniforge3/bin
  /root/miniforge3/lib/python310.zip
  /root/miniforge3/lib/python3.10
  /root/miniforge3/lib/python3.10/lib-dynload
  /root/miniforge3/lib/python3.10/site-packages</msg>
<msg timestamp="20230207 23:28:43.790" level="ERROR">Error in file '/root/project/acb_2023/robot/servers/test_srv_DB1.robot' on line 2: Importing library 'SSHLibrary' failed: ModuleNotFoundError: No module named 'SSHLibrary'
Traceback (most recent call last):
  None
PYTHONPATH:
  /root/miniforge3/bin
  /root/miniforge3/lib/python310.zip
  /root/miniforge3/lib/python3.10
  /root/miniforge3/lib/python3.10/lib-dynload
  /root/miniforge3/lib/python3.10/site-packages</msg>
<msg timestamp="20230207 23:28:43.835" level="ERROR">Error in file '/root/project/acb_2023/robot/servers/test_srv_WEB1.robot' on line 2: Importing library 'SSHLibrary' failed: ModuleNotFoundError: No module named 'SSHLibrary'
Traceback (most recent call last):
  None
PYTHONPATH:
  /root/miniforge3/bin
  /root/miniforge3/lib/python310.zip
  /root/miniforge3/lib/python3.10
  /root/miniforge3/lib/python3.10/lib-dynload
  /root/miniforge3/lib/python3.10/site-packages</msg>
<msg timestamp="20230207 23:28:43.885" level="ERROR">Error in file '/root/project/acb_2023/robot/servers/test_srv_WEB2.robot' on line 2: Importing library 'SSHLibrary' failed: ModuleNotFoundError: No module named 'SSHLibrary'
Traceback (most recent call last):
  None
PYTHONPATH:
  /root/miniforge3/bin
  /root/miniforge3/lib/python310.zip
  /root/miniforge3/lib/python3.10
  /root/miniforge3/lib/python3.10/lib-dynload
  /root/miniforge3/lib/python3.10/site-packages</msg>
</errors>
</robot>
